20230419	19:28:35	f5029100-7367-44e2-8bdd-be1a8c9a20f1	Error: Not allow by cors
20230419	19:28:36	7f8376b5-3ad8-403d-87b8-b608e5b3a18d	Error: Not allow by cors
20230419	19:36:25	1c4925f3-2392-4d07-b99d-6e09e7ae91b9	Error: Not allow by cors
20230419	19:41:24	cbc78ed1-9a88-4a3b-90a5-fa9d068868e4	Error: Not allow by cors
20230419	19:41:32	6e48e01b-65a7-4b85-876d-ca5a070cba1f	Error: Not allow by cors
20230419	19:41:55	6067d43d-a3c3-4665-8cf6-9fe3ccac87c0	Error: Not allow by cors
20230421	15:52:25	45871236-d0b5-4954-80da-eefd490428d2	Error: Cannot set headers after they are sent to the client
20230421	15:52:39	984049c2-affa-49a7-a793-458c2dcaa0d3	Error: Cannot set headers after they are sent to the client
20230421	15:53:17	0c68b49d-e108-4378-a55d-cb19d5ce3cdb	Error: Cannot set headers after they are sent to the client
20230421	15:58:16	75e7f822-f990-4d0c-888b-409d01746c63	Error: Cannot set headers after they are sent to the client
20230421	15:59:08	cd00d826-32c1-45b5-a829-e9aea2882760	Error: Cannot set headers after they are sent to the client
20230421	15:59:14	db862936-77b5-42fb-b770-a12f6d0b3fa4	Error: Cannot set headers after they are sent to the client
20230421	18:23:03	0c1bdb9c-1ff2-4750-8d18-f6e14a843cda	Error: Not allow by cors
20230421	18:24:22	b67c5028-0117-459a-b838-892942622857	Error: Not allow by cors
20230421	18:45:38	13ddff60-6a0f-4ede-a7fc-98f46de24953	TypeError: Cannot read properties of undefined (reading 'id')
20230421	18:45:43	56d404d8-f3d3-402b-8b5a-6441f70c282c	TypeError: Cannot read properties of undefined (reading 'id')
20230421	18:46:03	fcbd0785-1785-4500-833d-0cbbf7098f2b	TypeError: Cannot read properties of undefined (reading 'id')
20230421	18:49:11	f7d398bb-3ea8-46e7-bcff-e2ef2b7e35c8	SyntaxError: Expected double-quoted property name in JSON at position 80
20230421	18:49:27	9eaa7111-a285-496a-b3ef-7a12e0aa03d6	SyntaxError: Expected double-quoted property name in JSON at position 82
20230421	19:21:38	84b41610-f2bc-4a1c-b969-5ee37217befe	Error: Cannot set headers after they are sent to the client
20230421	19:22:27	a19c115e-e0c5-4f15-9ab1-cff10fde21b8	TypeError: Cannot destructure property 'id' of 'req.id' as it is undefined.
20230422	10:04:05	ad6d8d00-3c1a-4205-a0e8-8d5b23b1976e	Error: Not allow by cors
20230422	10:04:05	9ffc0b4c-2bf3-4538-9b15-596f4daa752e	Error: Not allow by cors
20230422	16:32:38	7bc36435-d97f-4c50-8bc6-e623f21f5641	TypeError: member.include is not a function
20230422	16:46:08	bbb200e1-4f21-4ea4-ba34-8ab1f9cdb9cf	Error: Cannot set headers after they are sent to the client
20230422	16:46:17	cf4b4784-7a91-4e50-9f1b-f337f665ad7c	Error: Cannot set headers after they are sent to the client
20230422	16:52:09	eebf53b2-db2d-4355-badb-6e59c5a07e1c	Error: Cannot set headers after they are sent to the client
20230422	16:54:15	823cf7ad-9fef-4be5-8304-968a08d07df3	Error: Cannot set headers after they are sent to the client
20230422	16:54:17	2de2b93b-f50d-46fd-8ecd-2bbe5d3baa2f	Error: Cannot set headers after they are sent to the client
20230422	16:58:57	a6f6b585-a4b5-44f8-a861-f1b27bdbe854	Error: Cannot set headers after they are sent to the client
20230422	16:59:00	c55df34b-12d0-4753-938f-77873eadcfd2	Error: Cannot set headers after they are sent to the client
20230422	16:59:06	d49c8f50-46fc-44ae-8584-e416fc6153a3	Error: Cannot set headers after they are sent to the client
20230422	16:59:49	b10fcfb5-ae44-47d3-a7a0-a4cd21d7d402	Error: Cannot set headers after they are sent to the client
20230422	17:00:25	ed303dcd-af9a-4c19-9f2d-945912ea9ea9	Error: Cannot set headers after they are sent to the client
20230422	17:01:01	251ef550-1a02-4858-b238-1308c826f505	Error: Cannot set headers after they are sent to the client
20230422	17:01:42	bb6315b9-e82e-41f8-ae6b-ddabdc03e494	Error: Cannot set headers after they are sent to the client
20230422	17:02:04	2fcffc11-fe20-436a-9414-e430117799fb	Error: Cannot set headers after they are sent to the client
20230422	17:02:54	4d503e75-eaba-4770-8693-7ca881357a27	Error: Cannot set headers after they are sent to the client
20230422	17:04:21	a4798ed4-f3dd-49ff-b89b-31c4f7d7b7d0	Error: Cannot set headers after they are sent to the client
20230422	17:07:56	a1b3b301-0ef1-44f7-bce4-866c6ce379ea	Error: Cannot set headers after they are sent to the client
20230422	17:09:19	9c993fa5-2f2a-472b-a4ff-97e6cc96511f	Error: Cannot set headers after they are sent to the client
20230422	17:09:21	bd3bf406-a85d-4059-bc96-20a35af14dd8	Error: Cannot set headers after they are sent to the client
